<?xml version="1.0" encoding="UTF-8"?>
<!-- Generated by org.testng.reporters.JUnitXMLReporter -->
<testsuite ignored="6" hostname="TNBVPLD00005" failures="2" tests="14" name="basic tests" time="176.945" errors="0" timestamp="2025-03-20T12:43:03 IST">
  <testcase classname="testCases.LoginTest" name="loginTest" time="3.553"/>
  <testcase classname="testCases.HolidayTest" name="HolidayCreationTest" time="0.488"/>
  <testcase classname="testCases.HolidayTest" name="HolidayCreationTest" time="0.503"/>
  <testcase classname="testCases.HolidayTest" name="HolidayCreationTest" time="0.323"/>
  <testcase classname="testCases.HolidayTest" name="HolidayCreationTest" time="0.437"/>
  <testcase classname="testCases.HolidayTest" name="HolidayCreationTest" time="0.508"/>
  <testcase classname="testCases.HolidayTest" name="HolidayCreationTest" time="0.504"/>
  <testcase classname="testCases.HolidayTest" name="HolidayCreationTest" time="0.508"/>
  <testcase classname="testCases.HolidayTest" name="HolidayCreationTest" time="0.412"/>
  <testcase classname="testCases.HolidayTest" name="HolidayCreationTest" time="0.47"/>
  <testcase classname="testCases.HolidayTest" name="SearchFuncTest" time="0.0">
    <failure type="org.testng.TestNGException" message="
Cannot inject @Test annotated Method [SearchFuncTest] with [class java.lang.String].
For more information on native dependency injection please refer to https://testng.org/#_dependency_injection">
      <![CDATA[org.testng.TestNGException: 
Cannot inject @Test annotated Method [SearchFuncTest] with [class java.lang.String].
For more information on native dependency injection please refer to https://testng.org/#_dependency_injection
at java.base/java.util.ArrayList.forEach(ArrayList.java:1597)
... Removed 30 stack frames]]>
    </failure>
  </testcase> <!-- SearchFuncTest -->
  <testcase classname="testCases.Mainmaster_hoidayTest" name="validateTheHoliBtnTest" time="3.205">
    <skipped/>
  </testcase> <!-- validateTheHoliBtnTest -->
  <testcase classname="testCases.Mainmaster_hoidayTest" name="validateTheHoliBtnTest" time="3.021">
    <failure type="java.lang.AssertionError" message="Navigation to Main Master Page failed: URLs do not match.  expected [https://staging-mmsadmin.basispay.in/sidenav/governmentholidy] but found [https://staging-mmsadmin.basispay.in/sidenav/governmentholiday]">
      <![CDATA[java.lang.AssertionError: Navigation to Main Master Page failed: URLs do not match.  expected [https://staging-mmsadmin.basispay.in/sidenav/governmentholidy] but found [https://staging-mmsadmin.basispay.in/sidenav/governmentholiday]
at testCases.Mainmaster_hoidayTest.validateTheHoliBtnTest(Mainmaster_hoidayTest.java:54)
at java.base/java.util.ArrayList.forEach(ArrayList.java:1597)
... Removed 34 stack frames]]>
    </failure>
  </testcase> <!-- validateTheHoliBtnTest -->
  <testcase classname="testCases.EmailConfigurationTest" name="emailcreationTest" time="0.723"/>
  <testcase classname="baseClass.BaseClass" name="@AfterSuite CreateReport" time="0.0">
    <ignored/>
  </testcase> <!-- @AfterSuite CreateReport -->
  <testcase classname="baseClass.BaseClass" name="@BeforeSuite loadConfig" time="0.0">
    <ignored/>
  </testcase> <!-- @BeforeSuite loadConfig -->
  <testcase classname="baseClass.BaseClass" name="@BeforeSuite loadConfig" time="0.0">
    <ignored/>
  </testcase> <!-- @BeforeSuite loadConfig -->
  <testcase classname="baseClass.BaseClass" name="@AfterSuite CreateReport" time="0.0">
    <ignored/>
  </testcase> <!-- @AfterSuite CreateReport -->
  <testcase classname="baseClass.BaseClass" name="@BeforeSuite loadConfig" time="0.0">
    <ignored/>
  </testcase> <!-- @BeforeSuite loadConfig -->
  <testcase classname="baseClass.BaseClass" name="@AfterSuite CreateReport" time="0.0">
    <ignored/>
  </testcase> <!-- @AfterSuite CreateReport -->
</testsuite> <!-- basic tests -->
